SF:src\ModelSelectionGUI.jl
LH:0
LF:0
end_of_record
SF:src\browser.jl
DA:16,0
DA:17,0
DA:18,0
DA:19,0
DA:21,0
DA:22,0
DA:24,0
DA:25,0
LH:0
LF:8
end_of_record
SF:src\const.jl
LH:0
LF:0
end_of_record
SF:src\core.jl
DA:28,0
DA:35,0
DA:37,0
DA:38,0
DA:41,0
DA:42,0
DA:45,0
DA:46,0
DA:49,0
DA:50,0
DA:53,0
DA:54,0
DA:55,0
DA:56,0
DA:59,0
DA:60,0
DA:61,0
DA:62,0
DA:63,0
DA:64,0
DA:68,0
DA:69,0
DA:70,0
DA:71,0
DA:72,0
DA:73,0
DA:75,0
DA:76,0
DA:93,0
DA:94,0
LH:0
LF:30
end_of_record
SF:src\exceptions.jl
DA:17,0
DA:18,0
LH:0
LF:2
end_of_record
SF:src\jobs.jl
DA:26,0
DA:27,0
DA:28,0
DA:29,0
DA:30,0
DA:31,0
DA:44,0
DA:45,0
DA:46,0
DA:47,0
DA:48,0
DA:49,0
DA:50,0
DA:51,0
DA:72,0
DA:73,0
DA:74,0
DA:75,0
DA:76,0
DA:77,0
DA:78,0
DA:79,0
DA:80,0
DA:87,0
DA:89,0
DA:90,0
DA:91,0
DA:93,0
DA:94,0
DA:95,0
DA:108,0
DA:109,0
DA:110,0
DA:128,0
DA:129,0
DA:130,0
DA:149,0
DA:150,0
DA:151,0
DA:152,0
DA:154,0
DA:156,0
DA:173,0
DA:174,0
DA:175,0
DA:196,0
DA:197,0
DA:198,0
DA:199,0
DA:202,0
DA:222,0
DA:223,0
DA:224,0
DA:225,0
DA:227,0
DA:228,0
DA:229,0
DA:231,0
DA:251,0
DA:252,0
DA:253,0
DA:254,0
DA:255,0
DA:257,0
DA:277,0
DA:278,0
DA:279,0
DA:280,0
DA:283,0
DA:284,0
DA:287,0
DA:307,0
DA:308,0
DA:309,0
DA:310,0
DA:311,0
DA:313,0
DA:326,0
DA:327,0
DA:328,0
DA:341,0
DA:342,0
DA:343,0
DA:356,0
DA:357,0
DA:358,0
LH:0
LF:86
end_of_record
SF:src\responses.jl
DA:24,0
DA:31,0
DA:38,0
DA:60,0
DA:66,0
DA:72,0
DA:92,0
DA:93,0
DA:94,0
DA:95,0
DA:96,0
DA:98,0
DA:126,0
DA:127,0
DA:128,0
DA:129,0
DA:130,0
DA:131,0
DA:132,0
DA:137,0
DA:139,0
DA:146,0
DA:147,0
DA:148,0
DA:152,0
DA:155,0
DA:156,0
DA:157,0
DA:158,0
DA:160,0
DA:161,0
DA:162,0
DA:165,0
DA:166,0
DA:167,0
DA:168,0
DA:169,0
DA:170,0
DA:175,0
DA:176,0
DA:177,0
DA:181,0
DA:182,0
DA:183,0
DA:187,0
LH:0
LF:45
end_of_record
SF:src\strings.jl
LH:0
LF:0
end_of_record
SF:src\types.jl
DA:54,4
DA:60,4
DA:61,4
DA:62,4
DA:63,4
DA:65,4
DA:66,4
DA:67,4
LH:8
LF:8
end_of_record
SF:src\utils.jl
DA:20,4
DA:21,4
DA:22,4
DA:23,4
DA:24,8
DA:25,4
DA:46,4
DA:47,4
DA:67,4
DA:71,8
DA:91,4
DA:95,4
DA:109,4
DA:110,4
DA:130,4
DA:131,4
DA:132,4
DA:133,56
DA:135,4
DA:136,4
DA:137,4
DA:138,4
DA:139,4
DA:158,4
DA:159,4
DA:160,8
DA:161,28
DA:163,4
DA:164,4
DA:166,4
DA:185,3
DA:186,3
DA:217,0
DA:218,0
DA:219,0
DA:221,0
DA:241,0
DA:242,0
DA:243,0
DA:245,0
LH:32
LF:40
end_of_record
SF:src\variables.jl
DA:50,6
DA:51,6
DA:52,6
DA:53,6
DA:54,6
DA:55,6
DA:56,6
DA:57,8
DA:60,8
DA:62,8
DA:65,8
DA:67,6
DA:82,4
DA:83,4
DA:84,4
DA:85,4
DA:86,4
DA:87,4
DA:89,4
DA:90,4
DA:91,4
DA:92,4
DA:93,4
LH:23
LF:23
end_of_record
SF:src\views.jl
DA:18,0
DA:19,0
DA:30,0
DA:31,0
DA:48,0
DA:49,0
DA:50,0
DA:53,0
DA:55,0
DA:56,0
DA:59,0
DA:60,0
DA:62,0
DA:65,0
DA:67,0
DA:68,0
DA:69,0
DA:70,0
DA:72,0
DA:74,0
DA:75,0
DA:76,0
DA:87,0
DA:88,0
DA:89,0
DA:91,0
DA:92,0
DA:95,0
DA:96,0
DA:99,0
DA:101,0
DA:102,0
DA:105,0
DA:106,0
DA:109,0
DA:111,0
DA:117,0
DA:119,0
DA:130,0
DA:131,0
DA:132,0
DA:133,0
DA:134,0
DA:135,0
DA:137,0
DA:148,0
DA:149,0
DA:150,0
DA:151,0
DA:152,0
DA:153,0
DA:156,0
DA:157,0
DA:159,0
DA:162,0
DA:163,0
DA:164,0
DA:172,0
DA:181,0
DA:182,0
DA:183,0
LH:0
LF:61
end_of_record
